<?xml version="1.0" encoding="UTF-8"?>
<!-- Generated by org.testng.reporters.JUnitReportReporter -->
<testsuite hostname="LTPPUN052629499" failures="0" tests="10" name="DataBase_testing.FileLoadIntegrationTest" time="90.455" errors="0" timestamp="2025-05-26T11:01:42 IST" skipped="0">
  <testcase classname="DataBase_testing.FileLoadIntegrationTest" name="insertCSVFile" time="12.051">
    <system-out>
      <![CDATA[File moved to: C:/Users/dev.sharma/Desktop/Uploads
CSV file uploaded successfully to destination: BSE_EQ_TM_TRADE_5556_22052025_F.csv
Data from database- id: 4 errors:  filename: BSE_EQ_TM_TRADE_5556_22052025_F.csv loaddate: 2025-05-26 11:00:21 record_count: 3 status: SUCCESS
Pass-> CSV file found in database: BSE_EQ_TM_TRADE_5556_22052025_F.csv]]>
    </system-out>
  </testcase> <!-- insertCSVFile -->
  <testcase classname="DataBase_testing.FileLoadIntegrationTest" name="insertTXTFile" time="15.063">
    <system-out>
      <![CDATA[File moved to: C:/Users/dev.sharma/Desktop/Uploads
txt file uploaded successfully to destination: BSE_EQ_TM_TRADE_5511_22052025_F.txt
Pass-> txt file not uploaded in database]]>
    </system-out>
  </testcase> <!-- insertTXTFile -->
  <testcase classname="DataBase_testing.FileLoadIntegrationTest" name="insertXLSXFile" time="15.053">
    <system-out>
      <![CDATA[File moved to: C:/Users/dev.sharma/Desktop/UploadsBSE_EQ_TM_TRADE_5512_22052025_F.xlsx
xlsx file uploaded successfully to destination: BSE_EQ_TM_TRADE_5512_22052025_F.xlsx
Pass-> xlsx file not uploaded in database]]>
    </system-out>
  </testcase> <!-- insertXLSXFile -->
  <testcase classname="DataBase_testing.FileLoadIntegrationTest" name="pngFile" time="15.059">
    <system-out>
      <![CDATA[File moved to: C:/Users/dev.sharma/Desktop/Uploads
png file uploaded successfully: BSE_EQ_TM_TRADE_5513_22052025_F.png
Pass-> png File not uploaded in database]]>
    </system-out>
  </testcase> <!-- pngFile -->
  <testcase classname="DataBase_testing.FileLoadIntegrationTest" name="jpgFile" time="15.064">
    <system-out>
      <![CDATA[File moved to: C:/Users/dev.sharma/Desktop/Uploads
jpg file uploaded successfully: BSE_EQ_TM_TRADE_5514_22052025_F.jpg
Pass-> jpg File not uploaded in database]]>
    </system-out>
  </testcase> <!-- jpgFile -->
  <testcase classname="DataBase_testing.FileLoadIntegrationTest" name="checkLoadDateIsCurrent" time="9.073">
    <system-out>
      <![CDATA[File moved to upload folder: C:/Users/dev.sharma/Desktop/Uploads
File uploaded successfully to destination: BSE_EQ_TM_TRADE_5555_22052025_F.csv
Pass-> Load date is current: 2025-05-26 11:01:31]]>
    </system-out>
  </testcase> <!-- checkLoadDateIsCurrent -->
  <testcase classname="DataBase_testing.FileLoadIntegrationTest" name="emptyFile" time="9.035">
    <system-out>
      <![CDATA[File moved to: C:/Users/dev.sharma/Desktop/Uploads/
Empty file uploaded successfully to destination: BSE_EQ_TM_TRADE_5559_22052025_F.csv
Pass-> Record count is zero for the empty file.]]>
    </system-out>
  </testcase> <!-- emptyFile -->
  <testcase classname="DataBase_testing.FileLoadIntegrationTest" name="checkErrorsColumnAllowsNull" time="0.025">
    <system-out>
      <![CDATA[errors column allows NULL: true
Pass-> The 'errors' column allows NULL values.]]>
    </system-out>
  </testcase> <!-- checkErrorsColumnAllowsNull -->
  <testcase classname="DataBase_testing.FileLoadIntegrationTest" name="checkRecordCountColumnType" time="0.020">
    <system-out>
      <![CDATA[recordCount column type: BIGINT
Pass-> recordCount is correctly set as BIGINT]]>
    </system-out>
  </testcase> <!-- checkRecordCountColumnType -->
  <testcase classname="DataBase_testing.FileLoadIntegrationTest" name="checkIdFileMetadata" time="0.012">
    <system-out>
      <![CDATA[id is primary key: true
id is auto-increment: true
Pass-> id is both primary key and auto-increment.]]>
    </system-out>
  </testcase> <!-- checkIdFileMetadata -->
  <system-out>
    <![CDATA[File moved to: C:/Users/dev.sharma/Desktop/Uploads
CSV file uploaded successfully to destination: BSE_EQ_TM_TRADE_5556_22052025_F.csv
Data from database- id: 4 errors:  filename: BSE_EQ_TM_TRADE_5556_22052025_F.csv loaddate: 2025-05-26 11:00:21 record_count: 3 status: SUCCESS
Pass-> CSV file found in database: BSE_EQ_TM_TRADE_5556_22052025_F.csv
File moved to: C:/Users/dev.sharma/Desktop/Uploads
txt file uploaded successfully to destination: BSE_EQ_TM_TRADE_5511_22052025_F.txt
Pass-> txt file not uploaded in database
File moved to: C:/Users/dev.sharma/Desktop/UploadsBSE_EQ_TM_TRADE_5512_22052025_F.xlsx
xlsx file uploaded successfully to destination: BSE_EQ_TM_TRADE_5512_22052025_F.xlsx
Pass-> xlsx file not uploaded in database
File moved to: C:/Users/dev.sharma/Desktop/Uploads
png file uploaded successfully: BSE_EQ_TM_TRADE_5513_22052025_F.png
Pass-> png File not uploaded in database
File moved to: C:/Users/dev.sharma/Desktop/Uploads
jpg file uploaded successfully: BSE_EQ_TM_TRADE_5514_22052025_F.jpg
Pass-> jpg File not uploaded in database
File moved to upload folder: C:/Users/dev.sharma/Desktop/Uploads
File uploaded successfully to destination: BSE_EQ_TM_TRADE_5555_22052025_F.csv
Pass-> Load date is current: 2025-05-26 11:01:31
File moved to: C:/Users/dev.sharma/Desktop/Uploads/
Empty file uploaded successfully to destination: BSE_EQ_TM_TRADE_5559_22052025_F.csv
Pass-> Record count is zero for the empty file.
errors column allows NULL: true
Pass-> The 'errors' column allows NULL values.
recordCount column type: BIGINT
Pass-> recordCount is correctly set as BIGINT
id is primary key: true
id is auto-increment: true
Pass-> id is both primary key and auto-increment.]]>
  </system-out>
</testsuite> <!-- DataBase_testing.FileLoadIntegrationTest -->
