<?xml version="1.0" encoding="UTF-8"?>
<!-- Generated by org.testng.reporters.JUnitReportReporter -->
<testsuite hostname="LTPPUN052629499" failures="0" tests="10" name="DataBase_testing.Db_testing" time="28.237" errors="0" timestamp="2025-05-26T11:01:42 IST" skipped="0">
  <testcase classname="DataBase_testing.Db_testing" name="file_loadTableExistence" time="0.050"/>
  <testcase classname="DataBase_testing.Db_testing" name="columnsExistence" time="0.007"/>
  <testcase classname="DataBase_testing.Db_testing" name="validateColumnUpdatesfile_load" time="12.090"/>
  <testcase classname="DataBase_testing.Db_testing" name="existenceOfFile" time="0.011"/>
  <testcase classname="DataBase_testing.Db_testing" name="validateDuplicateContent" time="6.026"/>
  <testcase classname="DataBase_testing.Db_testing" name="testIDValidationForfile_loadTable" time="0.003"/>
  <testcase classname="DataBase_testing.Db_testing" name="file_metadataTablexistence" time="0.008"/>
  <testcase classname="DataBase_testing.Db_testing" name="file_metadatacolumnExists" time="0.004"/>
  <testcase classname="DataBase_testing.Db_testing" name="recordProcessed" time="0.006"/>
  <testcase classname="DataBase_testing.Db_testing" name="UnstructuredFile" time="10.032"/>
  <system-out>
    <![CDATA[File moved to: C:/Users/dev.sharma/Desktop/Uploads
CSV file uploaded successfully to destination: BSE_EQ_TM_TRADE_5556_22052025_F.csv
Data from database- id: 4 errors:  filename: BSE_EQ_TM_TRADE_5556_22052025_F.csv loaddate: 2025-05-26 11:00:21 record_count: 3 status: SUCCESS
Pass-> CSV file found in database: BSE_EQ_TM_TRADE_5556_22052025_F.csv
File moved to: C:/Users/dev.sharma/Desktop/Uploads
txt file uploaded successfully to destination: BSE_EQ_TM_TRADE_5511_22052025_F.txt
Pass-> txt file not uploaded in database
File moved to: C:/Users/dev.sharma/Desktop/UploadsBSE_EQ_TM_TRADE_5512_22052025_F.xlsx
xlsx file uploaded successfully to destination: BSE_EQ_TM_TRADE_5512_22052025_F.xlsx
Pass-> xlsx file not uploaded in database
File moved to: C:/Users/dev.sharma/Desktop/Uploads
png file uploaded successfully: BSE_EQ_TM_TRADE_5513_22052025_F.png
Pass-> png File not uploaded in database
File moved to: C:/Users/dev.sharma/Desktop/Uploads
jpg file uploaded successfully: BSE_EQ_TM_TRADE_5514_22052025_F.jpg
Pass-> jpg File not uploaded in database
File moved to upload folder: C:/Users/dev.sharma/Desktop/Uploads
File uploaded successfully to destination: BSE_EQ_TM_TRADE_5555_22052025_F.csv
Pass-> Load date is current: 2025-05-26 11:01:31
File moved to: C:/Users/dev.sharma/Desktop/Uploads/
Empty file uploaded successfully to destination: BSE_EQ_TM_TRADE_5559_22052025_F.csv
Pass-> Record count is zero for the empty file.
errors column allows NULL: true
Pass-> The 'errors' column allows NULL values.
recordCount column type: BIGINT
Pass-> recordCount is correctly set as BIGINT
id is primary key: true
id is auto-increment: true
Pass-> id is both primary key and auto-increment.]]>
  </system-out>
</testsuite> <!-- DataBase_testing.Db_testing -->
